

times in msec
 clock   self+sourced   self:  sourced script
 clock   elapsed:              other lines

000.018  000.018: --- NVIM STARTING ---
000.547  000.529: locale set
001.158  000.611: inits 1
001.181  000.023: window checked
001.187  000.006: parsing arguments
005.760  004.573: init lua interpreter
006.042  000.283: expanding arguments
006.099  000.057: inits 2
006.963  000.864: init highlight
006.967  000.004: waiting for UI
008.724  001.757: done waiting for UI
008.753  000.028: init screen for UI
008.802  000.049: init default mappings
008.877  000.076: init default autocommands
011.030  000.123  000.123: sourcing /usr/share/nvim/runtime/ftplugin.vim
011.902  000.090  000.090: sourcing /usr/share/nvim/runtime/indent.vim
012.053  000.024  000.024: sourcing /usr/share/nvim/archlinux.vim
012.063  000.071  000.046: sourcing /etc/xdg/nvim/sysinit.vim
044.868  000.115  000.115: sourcing /home/nico/.local/share/nvim/site/pack/packer/start/everforest/autoload/everforest.vim
051.027  000.024  000.024: sourcing /home/nico/.local/share/nvim/site/pack/packer/start/everforest/after/syntax/text/everforest.vim
051.044  006.355  006.215: sourcing /home/nico/.local/share/nvim/site/pack/packer/start/everforest/colors/everforest.vim
056.300  000.074  000.074: sourcing /usr/share/nvim/runtime/syntax/synload.vim
056.471  000.041  000.041: sourcing /usr/share/nvim/runtime/filetype.lua
061.089  000.012  000.012: sourcing /home/nico/.local/share/nvim/site/pack/packer/start/LuaSnip/ftdetect/snippets.vim
061.232  000.009  000.009: sourcing /usr/share/vim/vimfiles/ftdetect/PKGBUILD.vim
061.253  000.011  000.011: sourcing /usr/share/vim/vimfiles/ftdetect/conkyrc.vim
061.414  004.929  004.896: sourcing /usr/share/nvim/runtime/filetype.vim
062.026  000.344  000.344: sourcing /usr/share/nvim/runtime/scripts.vim
062.524  000.320  000.320: sourcing /usr/share/nvim/runtime/scripts.vim
062.571  006.436  000.729: sourcing /usr/share/nvim/runtime/syntax/syntax.vim
062.718  000.037  000.037: sourcing /usr/share/nvim/runtime/filetype.lua
062.739  000.009  000.009: sourcing /usr/share/nvim/runtime/filetype.vim
062.837  000.006  000.006: sourcing /usr/share/nvim/runtime/ftplugin.vim
062.917  000.006  000.006: sourcing /usr/share/nvim/runtime/indent.vim
128.552  000.017  000.017: sourcing /home/nico/.local/share/nvim/site/pack/packer/start/presence.nvim/autoload/presence.vim
129.799  117.695  104.828: sourcing /home/nico/.config/nvim/init.lua
129.808  002.953: sourcing vimrc file(s)
130.504  000.246  000.246: sourcing /usr/share/nvim/runtime/plugin/gzip.vim
130.522  000.008  000.008: sourcing /usr/share/nvim/runtime/plugin/health.vim
130.861  000.331  000.331: sourcing /usr/share/nvim/runtime/plugin/man.vim
131.149  000.128  000.128: sourcing /usr/share/nvim/runtime/pack/dist/opt/matchit/plugin/matchit.vim
131.201  000.329  000.201: sourcing /usr/share/nvim/runtime/plugin/matchit.vim
131.456  000.247  000.247: sourcing /usr/share/nvim/runtime/plugin/matchparen.vim
131.760  000.292  000.292: sourcing /usr/share/nvim/runtime/plugin/netrwPlugin.vim
131.872  000.006  000.006: sourcing /home/nico/.local/share/nvim/rplugin.vim
131.878  000.100  000.094: sourcing /usr/share/nvim/runtime/plugin/rplugin.vim
131.959  000.069  000.069: sourcing /usr/share/nvim/runtime/plugin/shada.vim
131.987  000.015  000.015: sourcing /usr/share/nvim/runtime/plugin/spellfile.vim
132.091  000.093  000.093: sourcing /usr/share/nvim/runtime/plugin/tarPlugin.vim
132.153  000.044  000.044: sourcing /usr/share/nvim/runtime/plugin/tohtml.vim
132.175  000.010  000.010: sourcing /usr/share/nvim/runtime/plugin/tutor.vim
132.302  000.117  000.117: sourcing /usr/share/nvim/runtime/plugin/zipPlugin.vim
132.692  000.340  000.340: sourcing /usr/share/vim/vimfiles/plugin/fzf.vim
133.171  000.026  000.026: sourcing /home/nico/.local/share/nvim/site/pack/packer/opt/vim-markdown/ftdetect/markdown.vim
133.176  000.431  000.405: sourcing /home/nico/.config/nvim/plugin/packer_compiled.lua
133.284  000.804: loading rtp plugins
133.604  000.182  000.182: sourcing /home/nico/.local/share/nvim/site/pack/packer/start/LuaSnip/plugin/luasnip.vim
134.770  001.046  001.046: sourcing /home/nico/.local/share/nvim/site/pack/packer/start/emmet-vim/plugin/emmet.vim
135.674  000.796  000.796: sourcing /home/nico/.local/share/nvim/site/pack/packer/start/nvim-cmp/plugin/cmp.lua
135.789  000.054  000.054: sourcing /home/nico/.local/share/nvim/site/pack/packer/start/nvim-lsp-installer/plugin/nvim-lsp-installer.vim
135.901  000.051  000.051: sourcing /home/nico/.local/share/nvim/site/pack/packer/start/nvim-lspconfig/plugin/lspconfig.vim
136.676  000.698  000.698: sourcing /home/nico/.local/share/nvim/site/pack/packer/start/nvim-treesitter/plugin/nvim-treesitter.lua
136.749  000.011  000.011: sourcing /home/nico/.local/share/nvim/site/pack/packer/start/presence.nvim/plugin/presence.vim
136.872  000.069  000.069: sourcing /home/nico/.local/share/nvim/site/pack/packer/start/trouble.nvim/plugin/trouble.vim
137.151  000.213  000.213: sourcing /home/nico/.local/share/nvim/site/pack/packer/start/vim-surround/plugin/surround.vim
137.251  000.847: loading packages
137.699  000.326  000.326: sourcing /home/nico/.local/share/nvim/site/pack/packer/start/cmp-buffer/after/plugin/cmp_buffer.lua
137.797  000.058  000.058: sourcing /home/nico/.local/share/nvim/site/pack/packer/start/cmp-nvim-lsp/after/plugin/cmp_nvim_lsp.lua
137.954  000.121  000.121: sourcing /home/nico/.local/share/nvim/site/pack/packer/start/cmp-nvim-lua/after/plugin/cmp_nvim_lua.lua
138.171  000.178  000.178: sourcing /home/nico/.local/share/nvim/site/pack/packer/start/cmp_luasnip/after/plugin/cmp_luasnip.lua
138.188  000.254: loading after plugins
138.197  000.009: inits 3
140.036  001.839: reading ShaDa
140.350  000.314: opening buffers
140.394  000.044: BufEnter autocommands
140.396  000.002: editing files in windows
140.444  000.047: VimEnter autocommands
140.447  000.003: UIEnter autocommands
140.635  000.117  000.117: sourcing /usr/share/nvim/runtime/autoload/provider/clipboard.vim
140.640  000.077: before starting main loop
141.402  000.762: first screen update
141.404  000.002: --- NVIM STARTED ---
